[INFO] Scanning for projects...
[INFO] 
[INFO] ----------------------< com.example:connectOFarm >----------------------
[INFO] Building connectOFarm 0.0.1-SNAPSHOT
[INFO]   from pom.xml
[INFO] --------------------------------[ jar ]---------------------------------
[INFO] 
[INFO] --- clean:3.4.1:clean (default-clean) @ connectOFarm ---
[INFO] Deleting C:\Users\LAKSHMAN\Downloads\connectofarm\connectOFarm\target
[INFO] 
[INFO] --- resources:3.3.1:resources (default-resources) @ connectOFarm ---
[INFO] Copying 1 resource from src\main\resources to target\classes
[INFO] Copying 0 resource from src\main\resources to target\classes
[INFO] 
[INFO] --- compiler:3.14.1:compile (default-compile) @ connectOFarm ---
[INFO] Recompiling the module because of changed source code.
[INFO] Compiling 27 source files with javac [debug parameters release 21] to target\classes
[INFO] /C:/Users/LAKSHMAN/Downloads/connectofarm/connectOFarm/src/main/java/com/example/connectOFarm/configuration/ApplicationConfig.java: Some input files use or override a deprecated API.
[INFO] /C:/Users/LAKSHMAN/Downloads/connectofarm/connectOFarm/src/main/java/com/example/connectOFarm/configuration/ApplicationConfig.java: Recompile with -Xlint:deprecation for details.
[INFO] ------------------------------------------------------------------------
[INFO] BUILD SUCCESS
[INFO] ------------------------------------------------------------------------
[INFO] Total time:  4.962 s
[INFO] Finished at: 2026-02-08T16:20:43+05:30
[INFO] ------------------------------------------------------------------------
